0.001 0.019
0.002 0.004
0.003 0.003
0.004 0.004
0.005 0.003
0.006 0.005
0.007 0.003
0.008 0.003
0.009 0.005
0.01 0.005
0.011 0.003
0.012 0.004
0.013 0.002
0.014 0.002
0.015 0.006
0.016 0.005
0.017 0.003
0.018 0.003
0.019 0.002
0.02 0.003
0.021 0.002
0.022 0.016
0.023 0.005
0.024 0.003
0.025 0.003
0.026 0.006
0.027 0.003
0.028 0.003
0.029 0.002
0.03 0.003
0.031 0.002
0.032 0.002
0.033 0.002
0.034 0.002
0.035 0.002
0.036 0.003
0.037 0.002
0.038 0.002
0.039 0.004
0.04 0.002
0.041 0.002
0.042 0.002
0.043 0.002
0.044 0.002
0.045 0.003
0.046 0.002
0.047 0.002
0.048 0.003
0.049 0.002
0.05 0.002
0.051 0.003
0.052 0.003
0.053 0.002
0.054 0.002
0.055 0.003
0.056 0.006
0.057 0.003
0.058 0.004
0.059 0.003
0.06 0.003
0.061 0.002
0.062 0.003
0.063 0.002
0.064 0.003
0.065 0.002
0.066 0.002
0.067 0.003
0.068 0.002
0.069 0.002
0.07 0.002
0.071 0.002
0.072 0.007
0.073 0.004
0.074 0.002
0.075 0.003
0.076 0.003
0.077 0.002
0.078 0.002
0.079 0.003
0.08 0.002
0.081 0.002
0.082 0.002
0.083 0.002
0.084 0.003
0.085 0.003
0.086 0.002
0.087 0.002
0.088 0.002
0.089 0.004
0.09 0.002
0.091 0.002
0.092 0.002
0.093 0.002
0.094 0.002
0.095 0.004
0.096 0.002
0.097 0.004
0.098 0.008
0.099 0.007
0.1 0.005
0.101 0.007
0.102 0.007
0.103 0.004
0.104 0.003
0.105 0.003
0.106 0.004
0.107 0.002
0.108 0.003
0.109 0.002
0.11 0.004
0.111 0.003
0.112 0.002
0.113 0.003
0.114 0.003
0.115 0.002
0.116 0.003
0.117 0.003
0.118 0.002
0.119 0.002
0.12 0.002
0.121 0.003
0.122 0.004
0.123 0.002
0.124 0.003
0.125 0.002
0.126 0.002
0.127 0.002
0.128 0.003
0.129 0.002
0.13 0.002
0.131 0.002
0.132 0.003
0.133 0.002
0.134 0.002
0.135 0.002
0.136 0.003
0.137 0.002
0.138 0.002
0.139 0.004
0.14 0.003
0.141 0.002
0.142 0.002
0.143 0.002
0.144 0.004
0.145 0.002
0.146 0.003
0.147 0.002
0.148 0.003
0.149 0.003
0.15 0.002
0.151 0.002
0.152 0.004
0.153 0.002
0.154 0.002
0.155 0.002
0.156 0.004
0.157 0.003
0.158 0.002
0.159 0.003
0.16 0.003
0.161 0.002
0.162 0.002
0.163 0.003
0.164 0.002
0.165 0.002
0.166 0.002
0.167 0.002
0.168 0.003
0.169 0.002
0.17 0.002
0.171 0.002
0.172 0.016
0.173 0.003
0.174 0.003
0.175 0.002
0.176 0.003
0.177 0.002
0.178 0.002
0.179 0.002
0.18 0.002
0.181 0.002
0.182 0.002
0.183 0.002
0.184 0.002
0.185 0.002
0.186 0.002
0.187 0.003
0.188 0.002
0.189 0.004
0.19 0.003
0.191 0.002
0.192 0.003
0.193 0.002
0.194 0.002
0.195 0.002
0.196 0.002
0.197 0.002
0.198 0.002
0.199 0.002
0.2 0.004
0.201 0.002
0.202 0.002
0.203 0.002
0.204 0.002
0.205 0.002
0.206 0.004
0.207 0.002
0.208 0.003
0.209 0.002
0.21 0.002
0.211 0.002
0.212 0.003
0.213 0.002
0.214 0.003
0.215 0.002
0.216 0.003
0.217 0.002
0.218 0.002
0.219 0.002
0.22 0.002
0.221 0.002
0.222 0.004
0.223 0.003
0.224 0.002
0.225 0.003
0.226 0.002
0.227 0.002
0.228 0.002
0.229 0.002
0.23 0.002
0.231 0.002
0.232 0.002
0.233 0.003
0.234 0.002
0.235 0.002
0.236 0.002
0.237 0.002
0.238 0.002
0.239 0.004
0.24 0.002
0.241 0.003
0.242 0.003
0.243 0.002
0.244 0.003
0.245 0.002
0.246 0.002
0.247 0.002
0.248 0.003
0.249 0.002
0.25 0.003
0.251 0.003
0.252 0.002
0.253 0.002
0.254 0.002
0.255 0.005
0.256 0.005
0.257 0.003
0.258 0.003
0.259 0.003
0.26 0.003
0.261 0.002
0.262 0.003
0.263 0.003
0.264 0.003
0.265 0.002
0.266 0.002
0.267 0.002
0.268 0.002
0.269 0.002
0.27 0.002
0.271 0.002
0.272 0.005
0.273 0.002
0.274 0.002
0.275 0.003
0.276 0.002
0.277 0.003
0.278 0.002
0.279 0.002
0.28 0.003
0.281 0.002
0.282 0.002
0.283 0.002
0.284 0.002
0.285 0.002
0.286 0.002
0.287 0.003
0.288 0.003
0.289 0.004
0.29 0.003
0.291 0.002
0.292 0.003
0.293 0.002
0.294 0.002
0.295 0.002
0.296 0.004
0.297 0.002
0.298 0.002
0.299 0.002
0.3 0.003
0.301 0.002
0.302 0.002
0.303 0.003
0.304 0.003
0.305 0.005
0.306 0.002
0.307 0.002
0.308 0.002
0.309 0.002
0.31 0.002
0.311 0.003
0.312 0.002
0.313 0.002
0.314 0.002
0.315 0.002
0.316 0.003
0.317 0.002
0.318 0.003
0.319 0.003
0.32 0.003
0.321 0.003
0.322 0.004
0.323 0.003
0.324 0.003
0.325 0.002
0.326 0.002
0.327 0.002
0.328 0.002
0.329 0.002
0.33 0.002
0.331 0.017
0.332 0.002
0.333 0.002
0.334 0.002
0.335 0.002
0.336 0.002
0.337 0.002
0.338 0.002
0.339 0.004
0.34 0.003
0.341 0.003
0.342 0.002
0.343 0.020
0.344 0.002
0.345 0.002
0.346 0.002
0.347 0.003
0.348 0.002
0.349 0.002
0.35 0.002
0.351 0.002
0.352 0.002
0.353 0.003
0.354 0.002
0.355 0.004
0.356 0.003
0.357 0.002
0.358 0.002
0.359 0.003
0.36 0.002
0.361 0.002
0.362 0.002
0.363 0.002
0.364 0.002
0.365 0.002
0.366 0.003
0.367 0.003
0.368 0.002
0.369 0.002
0.37 0.002
0.371 0.002
0.372 0.004
0.373 0.002
0.374 0.002
0.375 0.003
0.376 0.002
0.377 0.002
0.378 0.002
0.379 0.014
0.38 0.002
0.381 0.002
0.382 0.002
0.383 0.003
0.384 0.002
0.385 0.003
0.386 0.002
0.387 0.002
0.388 0.003
0.389 0.004
0.39 0.002
0.391 0.004
0.392 0.003
0.393 0.002
0.394 0.002
0.395 0.003
0.396 0.002
0.397 0.003
0.398 0.002
0.399 0.003
0.4 0.004
0.401 0.002
0.402 0.002
0.403 0.002
0.404 0.002
0.405 0.004
0.406 0.002
0.407 0.003
0.408 0.002
0.409 0.002
0.41 0.002
0.411 0.002
0.412 0.003
0.413 0.003
0.414 0.003
0.415 0.002
0.416 0.002
0.417 0.002
0.418 0.002
0.419 0.003
0.42 0.002
0.421 0.002
0.422 0.004
0.423 0.003
0.424 0.002
0.425 0.002
0.426 0.004
0.427 0.003
0.428 0.002
0.429 0.002
0.43 0.002
0.431 0.002
0.432 0.002
0.433 0.002
0.434 0.002
0.435 0.003
0.436 0.003
0.437 0.003
0.438 0.004
0.439 0.004
0.44 0.002
0.441 0.002
0.442 0.002
0.443 0.003
0.444 0.003
0.445 0.002
0.446 0.002
0.447 0.003
0.448 0.002
0.449 0.002
0.45 0.002
0.451 0.003
0.452 0.003
0.453 0.003
0.454 0.002
0.455 0.004
0.456 0.002
0.457 0.002
0.458 0.002
0.459 0.002
0.46 0.002
0.461 0.002
0.462 0.002
0.463 0.003
0.464 0.003
0.465 0.002
0.466 0.002
0.467 0.002
0.468 0.002
0.469 0.002
0.47 0.002
0.471 0.003
0.472 0.004
0.473 0.003
0.474 0.002
0.475 0.003
0.476 0.002
0.477 0.002
0.478 0.002
0.479 0.003
0.48 0.002
0.481 0.002
0.482 0.002
0.483 0.003
0.484 0.003
0.485 0.003
0.486 0.002
0.487 0.004
0.488 0.005
0.489 0.003
0.49 0.002
0.491 0.003
0.492 0.003
0.493 0.003
0.494 0.003
0.495 0.002
0.496 0.002
0.497 0.002
0.498 0.003
0.499 0.002
0.5 0.002
0.501 0.002
0.502 0.003
0.503 0.003
0.504 0.002
0.505 0.004
0.506 0.002
0.507 0.004
0.508 0.002
0.509 0.002
0.51 0.002
0.511 0.003
0.512 0.002
0.513 0.002
0.514 0.002
0.515 0.002
0.516 0.002
0.517 0.002
0.518 0.002
0.519 0.003
0.52 0.004
0.521 0.002
0.522 0.004
0.523 0.003
0.524 0.003
0.525 0.002
0.526 0.002
0.527 0.003
0.528 0.002
0.529 0.002
0.53 0.002
0.531 0.003
0.532 0.002
0.533 0.002
0.534 0.002
0.535 0.003
0.536 0.003
0.537 0.002
0.538 0.004
0.539 0.003
0.54 0.002
0.541 0.003
0.542 0.002
0.543 0.003
0.544 0.002
0.545 0.002
0.546 0.002
0.547 0.002
0.548 0.002
0.549 0.002
0.55 0.002
0.551 0.002
0.552 0.002
0.553 0.002
0.554 0.002
0.555 0.004
0.556 0.003
0.557 0.003
0.558 0.003
0.559 0.002
0.56 0.002
0.561 0.002
0.562 0.002
0.563 0.003
0.564 0.002
0.565 0.003
0.566 0.002
0.567 0.003
0.568 0.003
0.569 0.002
0.57 0.002
0.571 0.002
0.572 0.004
0.573 0.003
0.574 0.003
0.575 0.002
0.576 0.002
0.577 0.002
0.578 0.002
0.579 0.002
0.58 0.002
0.581 0.002
0.582 0.002
0.583 0.002
0.584 0.002
0.585 0.002
0.586 0.002
0.587 0.003
0.588 0.004
0.589 0.005
0.59 0.003
0.591 0.002
0.592 0.005
0.593 0.004
0.594 0.003
0.595 0.004
0.596 0.003
0.597 0.002
0.598 0.002
0.599 0.003
0.6 0.002
0.601 0.002
0.602 0.003
0.603 0.003
0.604 0.002
0.605 0.004
0.606 0.002
0.607 0.002
0.608 0.002
0.609 0.002
0.61 0.002
0.611 0.003
0.612 0.002
0.613 0.002
0.614 0.002
0.615 0.002
0.616 0.003
0.617 0.002
0.618 0.002
0.619 0.002
0.62 0.002
0.621 0.002
0.622 0.004
0.623 0.002
0.624 0.003
0.625 0.003
0.626 0.002
0.627 0.003
0.628 0.003
0.629 0.002
0.63 0.002
0.631 0.003
0.632 0.002
0.633 0.002
0.634 0.002
0.635 0.002
0.636 0.002
0.637 0.002
0.638 0.004
0.639 0.002
0.64 0.002
0.641 0.002
0.642 0.002
0.643 0.003
0.644 0.002
0.645 0.002
0.646 0.002
0.647 0.003
0.648 0.002
0.649 0.002
0.65 0.002
0.651 0.002
0.652 0.002
0.653 0.002
0.654 0.002
0.655 0.004
0.656 0.003
0.657 0.003
0.658 0.002
0.659 0.002
0.66 0.002
0.661 0.002
0.662 0.002
0.663 0.003
0.664 0.003
0.665 0.002
0.666 0.002
0.667 0.002
0.668 0.002
0.669 0.003
0.67 0.002
0.671 0.005
0.672 0.003
0.673 0.002
0.674 0.003
0.675 0.002
0.676 0.002
0.677 0.002
0.678 0.002
0.679 0.003
0.68 0.002
0.681 0.002
0.682 0.002
0.683 0.003
0.684 0.003
0.685 0.002
0.686 0.002
0.687 0.003
0.688 0.004
0.689 0.002
0.69 0.002
0.691 0.002
0.692 0.002
0.693 0.002
0.694 0.002
0.695 0.002
0.696 0.002
0.697 0.002
0.698 0.002
0.699 0.003
0.7 0.003
0.701 0.002
0.702 0.002
0.703 0.002
0.704 0.002
0.705 0.004
0.706 0.002
0.707 0.003
0.708 0.002
0.709 0.003
0.71 0.002
0.711 0.003
0.712 0.003
0.713 0.002
0.714 0.002
0.715 0.003
0.716 0.003
0.717 0.002
0.718 0.002
0.719 0.003
0.72 0.002
0.721 0.004
0.722 0.002
0.723 0.003
0.724 0.002
0.725 0.002
0.726 0.002
0.727 0.003
0.728 0.003
0.729 0.003
0.73 0.004
0.731 0.003
0.732 0.002
0.733 0.002
0.734 0.002
0.735 0.002
0.736 0.002
0.737 0.002
0.738 0.004
0.739 0.003
0.74 0.002
0.741 0.002
0.742 0.002
0.743 0.004
0.744 0.003
0.745 0.003
0.746 0.002
0.747 0.002
0.748 0.002
0.749 0.002
0.75 0.003
0.751 0.003
0.752 0.002
0.753 0.003
0.754 0.002
0.755 0.004
0.756 0.003
0.757 0.002
0.758 0.002
0.759 0.003
0.76 0.002
0.761 0.002
0.762 0.002
0.763 0.003
0.764 0.002
0.765 0.002
0.766 0.002
0.767 0.002
0.768 0.002
0.769 0.002
0.77 0.002
0.771 0.004
0.772 0.002
0.773 0.002
0.774 0.002
0.775 0.003
0.776 0.002
0.777 0.003
0.778 0.002
0.779 0.002
0.78 0.003
0.781 0.002
0.782 0.002
0.783 0.002
0.784 0.002
0.785 0.002
0.786 0.002
0.787 0.003
0.788 0.004
0.789 0.003
0.79 0.002
0.791 0.003
0.792 0.002
0.793 0.002
0.794 0.002
0.795 0.002
0.796 0.002
0.797 0.002
0.798 0.002
0.799 0.003
0.8 0.003
0.801 0.002
0.802 0.002
0.803 0.003
0.804 0.002
0.805 0.004
0.806 0.002
0.807 0.002
0.808 0.002
0.809 0.002
0.81 0.003
0.811 0.003
0.812 0.002
0.813 0.002
0.814 0.002
0.815 0.003
0.816 0.002
0.817 0.002
0.818 0.002
0.819 0.003
0.82 0.003
0.821 0.004
0.822 0.002
0.823 0.003
0.824 0.002
0.825 0.002
0.826 0.002
0.827 0.003
0.828 0.002
0.829 0.002
0.83 0.003
0.831 0.003
0.832 0.002
0.833 0.002
0.834 0.002
0.835 0.003
0.836 0.002
0.837 0.002
0.838 0.004
0.839 0.003
0.84 0.003
0.841 0.003
0.842 0.002
0.843 0.002
0.844 0.002
0.845 0.002
0.846 0.002
0.847 0.002
0.848 0.002
0.849 0.002
0.85 0.002
0.851 0.002
0.852 0.002
0.853 0.002
0.854 0.002
0.855 0.004
0.856 0.002
0.857 0.002
0.858 0.002
0.859 0.002
0.86 0.002
0.861 0.002
0.862 0.003
0.863 0.003
0.864 0.003
0.865 0.002
0.866 0.002
0.867 0.002
0.868 0.002
0.869 0.003
0.87 0.002
0.871 0.003
0.872 0.003
0.873 0.002
0.874 0.003
0.875 0.003
0.876 0.002
0.877 0.002
0.878 0.002
0.879 0.003
0.88 0.002
0.881 0.002
0.882 0.002
0.883 0.004
0.884 0.003
0.885 0.003
0.886 0.002
0.887 0.002
0.888 0.004
0.889 0.002
0.89 0.003
0.891 0.002
0.892 0.002
0.893 0.002
0.894 0.002
0.895 0.003
0.896 0.002
0.897 0.002
0.898 0.002
0.899 0.002
0.9 0.002
0.901 0.002
0.902 0.002
0.903 0.003
0.904 0.002
0.905 0.004
0.906 0.003
0.907 0.002
0.908 0.003
0.909 0.002
0.91 0.003
0.911 0.002
0.912 0.002
0.913 0.002
0.914 0.002
0.915 0.002
0.916 0.002
0.917 0.002
0.918 0.002
0.919 0.003
0.92 0.003
0.921 0.006
0.922 0.003
0.923 0.003
0.924 0.003
0.925 0.003
0.926 0.002
0.927 0.003
0.928 0.002
0.929 0.002
0.93 0.002
0.931 0.002
0.932 0.002
0.933 0.002
0.934 0.002
0.935 0.003
0.936 0.002
0.937 0.002
0.938 0.004
0.939 0.003
0.94 0.002
0.941 0.002
0.942 0.002
0.943 0.002
0.944 0.003
0.945 0.003
0.946 0.003
0.947 0.003
0.948 0.002
0.949 0.002
0.95 0.002
0.951 0.002
0.952 0.002
0.953 0.002
0.954 0.002
0.955 0.005
0.956 0.002
0.957 0.002
0.958 0.002
0.959 0.003
0.96 0.002
0.961 0.003
0.962 0.002
0.963 0.002
0.964 0.002
0.965 0.002
0.966 0.002
0.967 0.002
0.968 0.002
0.969 0.002
0.97 0.002
0.971 0.004
0.972 0.002
0.973 0.002
0.974 0.002
0.975 0.003
0.976 0.002
0.977 0.002
0.978 0.002
0.979 0.002
0.98 0.002
0.981 0.002
0.982 0.002
0.983 0.002
0.984 0.002
0.985 0.002
0.986 0.002
0.987 0.002
0.988 0.004
0.989 0.002
0.99 0.002
0.991 0.002
0.992 0.002
0.993 0.002
0.994 0.003
0.995 0.002
0.996 0.002
0.997 0.002
0.998 0.003
0.999 0.002
1 0.002
1.001 0.002
1.002 0.002
1.003 0.003
1.004 0.002
1.005 0.004
1.006 0.003
1.007 0.003
1.008 0.002
1.009 0.002
1.01 0.002
1.011 0.002
1.012 0.002
1.013 0.002
1.014 0.002
1.015 0.003
1.016 0.002
1.017 0.002
1.018 0.002
1.019 0.002
1.02 0.002
1.021 0.004
1.022 0.002
1.023 0.002
1.024 0.002
1.025 0.002
1.026 0.002
1.027 0.002
1.028 0.002
1.029 0.002
1.03 0.002
1.031 0.003
1.032 0.002
1.033 0.002
1.034 0.002
1.035 0.003
1.036 0.002
1.037 0.002
1.038 0.004
1.039 0.003
1.04 0.002
1.041 0.002
1.042 0.002
1.043 0.003
1.044 0.003
1.045 0.002
1.046 0.002
1.047 0.002
1.048 0.002
1.049 0.002
1.05 0.002
1.051 0.003
1.052 0.003
1.053 0.002
1.054 0.002
1.055 0.004
1.056 0.003
1.057 0.002
1.058 0.002
1.059 0.003
1.06 0.003
1.061 0.003
1.062 0.002
1.063 0.002
1.064 0.002
1.065 0.002
1.066 0.003
1.067 0.002
1.068 0.002
1.069 0.002
1.07 0.002
1.071 0.004
1.072 0.002
1.073 0.002
1.074 0.002
1.075 0.002
1.076 0.002
1.077 0.002
1.078 0.002
1.079 0.002
1.08 0.003
1.081 0.003
1.082 0.002
1.083 0.003
1.084 0.003
1.085 0.002
1.086 0.002
1.087 0.002
1.088 0.004
1.089 0.003
1.09 0.003
1.091 0.002
1.092 0.002
1.093 0.002
1.094 0.002
1.095 0.003
1.096 0.003
1.097 0.003
1.098 0.002
1.099 0.003
1.1 0.002
1.101 0.002
1.102 0.002
1.103 0.003
1.104 0.018
1.105 0.004
1.106 0.002
1.107 0.003
1.108 0.002
1.109 0.002
1.11 0.003
1.111 0.003
1.112 0.002
1.113 0.002
1.114 0.003
1.115 0.003
1.116 0.002
1.117 0.002
1.118 0.002
1.119 0.002
1.12 0.002
1.121 0.004
1.122 0.002
1.123 0.003
1.124 0.002
1.125 0.002
1.126 0.002
1.127 0.003
1.128 0.002
1.129 0.002
1.13 0.002
1.131 0.003
1.132 0.003
1.133 0.002
1.134 0.002
1.135 0.002
1.136 0.003
1.137 0.002
1.138 0.004
1.139 0.003
1.14 0.002
1.141 0.002
1.142 0.002
1.143 0.003
1.144 0.003
1.145 0.002
1.146 0.002
1.147 0.003
1.148 0.002
1.149 0.002
1.15 0.002
1.151 0.002
1.152 0.002
1.153 0.002
1.154 0.005
1.155 0.003
1.156 0.002
1.157 0.002
1.158 0.002
1.159 0.002
1.16 0.002
1.161 0.002
1.162 0.002
1.163 0.003
1.164 0.003
1.165 0.002
1.166 0.002
1.167 0.003
1.168 0.002
1.169 0.003
1.17 0.003
1.171 0.005
1.172 0.002
1.173 0.003
1.174 0.002
1.175 0.002
1.176 0.002
1.177 0.002
1.178 0.002
1.179 0.003
1.18 0.002
1.181 0.003
1.182 0.002
1.183 0.002
1.184 0.003
1.185 0.003
1.186 0.003
1.187 0.003
1.188 0.004
1.189 0.002
1.19 0.008
1.191 0.004
1.192 0.005
1.193 0.002
1.194 0.003
1.195 0.003
1.196 0.003
1.197 0.002
1.198 0.002
1.199 0.003
1.2 0.002
1.201 0.003
1.202 0.002
1.203 0.002
1.204 0.004
1.205 0.004
1.206 0.003
1.207 0.003
1.208 0.002
1.209 0.003
1.21 0.002
1.211 0.003
1.212 0.002
1.213 0.002
1.214 0.002
1.215 0.003
1.216 0.002
1.217 0.002
1.218 0.003
1.219 0.002
1.22 0.002
1.221 0.003
1.222 0.002
1.223 0.003
1.224 0.002
1.225 0.002
1.226 0.002
1.227 0.003
1.228 0.002
1.229 0.002
1.23 0.002
1.231 0.002
1.232 0.002
1.233 0.002
1.234 0.002
1.235 0.002
1.236 0.002
1.237 0.003
1.238 0.004
1.239 0.003
1.24 0.002
1.241 0.002
1.242 0.002
1.243 0.003
1.244 0.002
1.245 0.002
1.246 0.002
1.247 0.003
1.248 0.002
1.249 0.002
1.25 0.002
1.251 0.004
1.252 0.003
1.253 0.002
1.254 0.004
1.255 0.003
1.256 0.003
1.257 0.003
1.258 0.003
1.259 0.003
1.26 0.002
1.261 0.003
1.262 0.002
1.263 0.003
1.264 0.002
1.265 0.002
1.266 0.002
1.267 0.003
1.268 0.002
1.269 0.002
1.27 0.002
1.271 0.005
1.272 0.003
1.273 0.002
1.274 0.002
1.275 0.003
1.276 0.002
1.277 0.002
1.278 0.002
1.279 0.002
1.28 0.003
1.281 0.002
1.282 0.002
1.283 0.003
1.284 0.002
1.285 0.002
1.286 0.002
1.287 0.003
1.288 0.004
1.289 0.002
1.29 0.002
1.291 0.003
1.292 0.002
1.293 0.002
1.294 0.002
1.295 0.002
1.296 0.002
1.297 0.002
1.298 0.002
1.299 0.003
1.3 0.002
1.301 0.002
1.302 0.002
1.303 0.003
1.304 0.003
1.305 0.002
1.306 0.002
1.307 0.003
1.308 0.002
1.309 0.003
1.31 0.003
1.311 0.002
1.312 0.002
1.313 0.002
1.314 0.002
1.315 0.003
1.316 0.002
1.317 0.002
1.318 0.002
1.319 0.003
1.32 0.002
1.321 0.004
1.322 0.002
1.323 0.003
1.324 0.002
1.325 0.003
1.326 0.002
1.327 0.003
1.328 0.002
1.329 0.002
1.33 0.002
1.331 0.002
1.332 0.003
1.333 0.002
1.334 0.002
1.335 0.002
1.336 0.002
1.337 0.019
1.338 0.004
1.339 0.003
1.34 0.002
1.341 0.002
1.342 0.002
1.343 0.003
1.344 0.002
1.345 0.002
1.346 0.002
1.347 0.002
1.348 0.002
1.349 0.002
1.35 0.002
1.351 0.003
1.352 0.002
1.353 0.002
1.354 0.004
1.355 0.003
1.356 0.002
1.357 0.002
1.358 0.002
1.359 0.002
1.36 0.002
1.361 0.002
1.362 0.002
1.363 0.003
1.364 0.002
1.365 0.003
1.366 0.002
1.367 0.002
1.368 0.003
1.369 0.002
1.37 0.002
1.371 0.004
1.372 0.003
1.373 0.002
1.374 0.003
1.375 0.003
1.376 0.003
1.377 0.002
1.378 0.002
1.379 0.002
1.38 0.003
1.381 0.002
1.382 0.002
1.383 0.002
1.384 0.004
1.385 0.002
1.386 0.002
1.387 0.006
1.388 0.003
1.389 0.003
1.39 0.003
1.391 0.003
1.392 0.003
1.393 0.003
1.394 0.002
1.395 0.002
1.396 0.002
1.397 0.002
1.398 0.002
1.399 0.003
1.4 0.003
1.401 0.002
1.402 0.002
1.403 0.003
1.404 0.004
1.405 0.002
1.406 0.002
1.407 0.003
1.408 0.003
1.409 0.002
1.41 0.002
1.411 0.003
1.412 0.002
1.413 0.002
1.414 0.002
1.415 0.003
1.416 0.002
1.417 0.003
1.418 0.002
1.419 0.003
1.42 0.002
1.421 0.004
1.422 0.002
1.423 0.002
1.424 0.003
1.425 0.002
1.426 0.002
1.427 0.002
1.428 0.002
1.429 0.002
1.43 0.002
1.431 0.002
1.432 0.002
1.433 0.002
1.434 0.002
1.435 0.002
1.436 0.002
1.437 0.004
1.438 0.003
1.439 0.002
1.44 0.002
1.441 0.002
1.442 0.002
1.443 0.002
1.444 0.002
1.445 0.002
1.446 0.002
1.447 0.002
1.448 0.002
1.449 0.002
1.45 0.002
1.451 0.002
1.452 0.002
1.453 0.002
1.454 0.004
1.455 0.003
1.456 0.002
1.457 0.002
1.458 0.002
1.459 0.002
1.46 0.002
1.461 0.002
1.462 0.002
1.463 0.003
1.464 0.002
1.465 0.002
1.466 0.003
1.467 0.002
1.468 0.002
1.469 0.003
1.47 0.002
1.471 0.004
1.472 0.002
1.473 0.002
1.474 0.002
1.475 0.002
1.476 0.002
1.477 0.002
1.478 0.002
1.479 0.003
1.48 0.002
1.481 0.002
1.482 0.002
1.483 0.003
1.484 0.003
1.485 0.002
1.486 0.002
1.487 0.004
1.488 0.002
1.489 0.002
1.49 0.002
1.491 0.002
1.492 0.002
1.493 0.002
1.494 0.002
1.495 0.003
1.496 0.003
1.497 0.002
1.498 0.002
1.499 0.002
1.5 0.002
1.501 0.002
1.502 0.002
1.503 0.002
1.504 0.004
1.505 0.003
1.506 0.002
1.507 0.002
1.508 0.002
1.509 0.002
1.51 0.002
1.511 0.002
1.512 0.002
1.513 0.002
1.514 0.002
1.515 0.003
1.516 0.003
1.517 0.002
1.518 0.002
1.519 0.004
1.52 0.003
1.521 0.004
1.522 0.002
1.523 0.003
1.524 0.003
1.525 0.003
1.526 0.002
1.527 0.003
1.528 0.003
1.529 0.002
1.53 0.002
1.531 0.002
1.532 0.002
1.533 0.002
1.534 0.002
1.535 0.002
1.536 0.002
1.537 0.004
1.538 0.003
1.539 0.003
1.54 0.002
1.541 0.002
1.542 0.002
1.543 0.003
1.544 0.003
1.545 0.002
1.546 0.002
1.547 0.003
1.548 0.002
1.549 0.002
1.55 0.002
1.551 0.002
1.552 0.002
1.553 0.002
1.554 0.004
1.555 0.002
1.556 0.002
1.557 0.002
1.558 0.002
1.559 0.003
1.56 0.003
1.561 0.002
1.562 0.003
1.563 0.002
1.564 0.002
1.565 0.002
1.566 0.002
1.567 0.003
1.568 0.002
1.569 0.002
1.57 0.005
1.571 0.004
1.572 0.003
1.573 0.002
1.574 0.003
1.575 0.003
1.576 0.002
1.577 0.002
1.578 0.003
1.579 0.015
1.58 0.002
1.581 0.002
1.582 0.003
1.583 0.002
1.584 0.002
1.585 0.002
1.586 0.002
1.587 0.004
1.588 0.002
1.589 0.002
1.59 0.002
1.591 0.003
1.592 0.002
1.593 0.002
1.594 0.002
1.595 0.003
1.596 0.002
1.597 0.002
1.598 0.002
1.599 0.002
1.6 0.002
1.601 0.002
1.602 0.002
1.603 0.002
1.604 0.004
1.605 0.002
1.606 0.002
1.607 0.002
1.608 0.002
1.609 0.002
1.61 0.002
1.611 0.002
1.612 0.002
1.613 0.002
1.614 0.002
1.615 0.003
1.616 0.003
1.617 0.003
1.618 0.002
1.619 0.002
1.62 0.004
1.621 0.003
1.622 0.002
1.623 0.002
1.624 0.002
1.625 0.002
1.626 0.002
1.627 0.003
1.628 0.003
1.629 0.002
1.63 0.002
1.631 0.003
1.632 0.002
1.633 0.002
1.634 0.002
1.635 0.002
1.636 0.002
1.637 0.004
1.638 0.002
1.639 0.003
1.64 0.002
1.641 0.002
1.642 0.003
1.643 0.002
1.644 0.002
1.645 0.002
1.646 0.002
1.647 0.003
1.648 0.002
1.649 0.003
1.65 0.002
1.651 0.003
1.652 0.002
1.653 0.002
1.654 0.004
1.655 0.003
1.656 0.002
1.657 0.002
1.658 0.002
1.659 0.003
1.66 0.002
1.661 0.002
1.662 0.003
1.663 0.002
1.664 0.002
1.665 0.002
1.666 0.002
1.667 0.002
1.668 0.003
1.669 0.002
1.67 0.004
1.671 0.003
1.672 0.002
1.673 0.002
1.674 0.002
1.675 0.002
1.676 0.002
1.677 0.002
1.678 0.002
1.679 0.003
1.68 0.002
1.681 0.002
1.682 0.002
1.683 0.003
1.684 0.002
1.685 0.002
1.686 0.002
1.687 0.005
1.688 0.003
1.689 0.003
1.69 0.002
1.691 0.002
1.692 0.003
1.693 0.002
1.694 0.002
1.695 0.002
1.696 0.003
1.697 0.003
1.698 0.002
1.699 0.003
1.7 0.003
1.701 0.003
1.702 0.002
1.703 0.004
1.704 0.004
1.705 0.003
1.706 0.002
1.707 0.002
1.708 0.002
1.709 0.002
1.71 0.002
1.711 0.003
1.712 0.002
1.713 0.002
1.714 0.002
1.715 0.002
1.716 0.002
1.717 0.002
1.718 0.002
1.719 0.003
1.72 0.004
1.721 0.002
1.722 0.002
1.723 0.002
1.724 0.003
1.725 0.002
1.726 0.002
1.727 0.002
1.728 0.002
1.729 0.002
1.73 0.002
1.731 0.003
1.732 0.002
1.733 0.002
1.734 0.002
1.735 0.003
1.736 0.002
1.737 0.004
1.738 0.002
1.739 0.003
1.74 0.002
1.741 0.002
1.742 0.002
1.743 0.002
1.744 0.002
1.745 0.002
1.746 0.002
1.747 0.002
1.748 0.002
1.749 0.002
1.75 0.002
1.751 0.003
1.752 0.002
1.753 0.002
1.754 0.004
1.755 0.002
1.756 0.002
1.757 0.003
1.758 0.002
1.759 0.002
1.76 0.002
1.761 0.003
1.762 0.002
1.763 0.002
1.764 0.002
1.765 0.002
1.766 0.002
1.767 0.002
1.768 0.002
1.769 0.002
1.77 0.004
1.771 0.003
1.772 0.003
1.773 0.002
1.774 0.002
1.775 0.004
1.776 0.002
1.777 0.002
1.778 0.003
1.779 0.002
1.78 0.002
1.781 0.002
1.782 0.002
1.783 0.003
1.784 0.002
1.785 0.002
1.786 0.002
1.787 0.004
1.788 0.002
1.789 0.002
1.79 0.002
1.791 0.020
1.792 0.005
1.793 0.002
1.794 0.003
1.795 0.003
1.796 0.002
1.797 0.002
1.798 0.002
1.799 0.003
1.8 0.002
1.801 0.003
1.802 0.002
1.803 0.005
1.804 0.004
1.805 0.002
1.806 0.002
1.807 0.003
1.808 0.002
1.809 0.002
1.81 0.002
1.811 0.002
1.812 0.002
1.813 0.002
1.814 0.002
1.815 0.004
1.816 0.003
1.817 0.002
1.818 0.002
1.819 0.003
1.82 0.003
1.821 0.003
1.822 0.002
1.823 0.003
1.824 0.002
1.825 0.003
1.826 0.002
1.827 0.003
1.828 0.002
1.829 0.002
1.83 0.002
1.831 0.003
1.832 0.003
1.833 0.003
1.834 0.003
1.835 0.003
1.836 0.002
1.837 0.004
1.838 0.003
1.839 0.003
1.84 0.002
1.841 0.002
1.842 0.002
1.843 0.003
1.844 0.002
1.845 0.002
1.846 0.002
1.847 0.002
1.848 0.002
1.849 0.002
1.85 0.003
1.851 0.002
1.852 0.003
1.853 0.002
1.854 0.004
1.855 0.002
1.856 0.002
1.857 0.002
1.858 0.002
1.859 0.002
1.86 0.002
1.861 0.003
1.862 0.002
1.863 0.003
1.864 0.002
1.865 0.002
1.866 0.002
1.867 0.002
1.868 0.002
1.869 0.002
1.87 0.002
1.871 0.005
1.872 0.002
1.873 0.002
1.874 0.002
1.875 0.003
1.876 0.003
1.877 0.002
1.878 0.002
1.879 0.003
1.88 0.002
1.881 0.003
1.882 0.002
1.883 0.002
1.884 0.003
1.885 0.002
1.886 0.002
1.887 0.004
1.888 0.002
1.889 0.002
1.89 0.002
1.891 0.003
1.892 0.003
1.893 0.002
1.894 0.002
1.895 0.003
1.896 0.002
1.897 0.002
1.898 0.002
1.899 0.003
1.9 0.002
1.901 0.002
1.902 0.002
1.903 0.002
1.904 0.004
1.905 0.003
1.906 0.002
1.907 0.003
1.908 0.002
1.909 0.002
1.91 0.003
1.911 0.002
1.912 0.002
1.913 0.002
1.914 0.003
1.915 0.002
1.916 0.002
1.917 0.002
1.918 0.002
1.919 0.003
1.92 0.002
1.921 0.004
1.922 0.003
1.923 0.003
1.924 0.003
1.925 0.002
1.926 0.003
1.927 0.002
1.928 0.002
1.929 0.003
1.93 0.002
1.931 0.003
1.932 0.003
1.933 0.003
1.934 0.002
1.935 0.002
1.936 0.002
1.937 0.004
1.938 0.003
1.939 0.002
1.94 0.002
1.941 0.002
1.942 0.003
1.943 0.003
1.944 0.002
1.945 0.002
1.946 0.002
1.947 0.003
1.948 0.002
1.949 0.002
1.95 0.003
1.951 0.003
1.952 0.002
1.953 0.002
1.954 0.003
1.955 0.003
1.956 0.003
1.957 0.002
1.958 0.002
1.959 0.002
1.96 0.002
1.961 0.002
1.962 0.003
1.963 0.003
1.964 0.003
1.965 0.002
1.966 0.002
1.967 0.003
1.968 0.002
1.969 0.002
1.97 0.002
1.971 0.004
1.972 0.003
1.973 0.003
1.974 0.002
1.975 0.003
1.976 0.003
1.977 0.002
1.978 0.002
1.979 0.002
1.98 0.002
1.981 0.002
1.982 0.002
1.983 0.003
1.984 0.002
1.985 0.002
1.986 0.003
1.987 0.005
1.988 0.002
1.989 0.003
1.99 0.002
1.991 0.002
1.992 0.002
1.993 0.002
1.994 0.003
1.995 0.003
1.996 0.002
1.997 0.002
1.998 0.002
1.999 0.003
2 0.003
