0.01 0.015
0.02 0.020
0.03 0.024
0.04 0.038
0.05 0.046
0.06 0.045
0.07 0.046
0.08 0.045
0.09 0.041
0.1 0.041
0.11 0.047
0.12 0.046
0.13 0.043
0.14 0.049
0.15 0.049
0.16 0.045
0.17 0.046
0.18 0.046
0.19 0.051
0.2 0.050
0.21 0.048
0.22 0.043
0.23 0.049
0.24 0.050
0.25 0.043
0.26 0.050
0.27 0.050
0.28 0.048
0.29 0.048
0.3 0.049
0.31 0.050
0.32 0.043
0.33 0.061
0.34 0.048
0.35 0.048
0.36 0.049
0.37 0.050
0.38 0.044
0.39 0.045
0.4 0.047
0.41 0.043
0.42 0.054
0.43 0.051
0.44 0.043
0.45 0.057
0.46 0.049
0.47 0.053
0.48 0.049
0.49 0.046
0.5 0.045
0.51 0.045
0.52 0.046
0.53 0.045
0.54 0.046
0.55 0.045
0.56 0.045
0.57 0.044
0.58 0.049
0.59 0.048
0.6 0.044
0.61 0.045
0.62 0.048
0.63 0.049
0.64 0.045
0.65 0.046
0.66 0.047
0.67 0.049
0.68 0.047
0.69 0.045
0.7 0.047
0.71 0.046
0.72 0.043
0.73 0.045
0.74 0.052
0.75 0.046
0.76 0.047
0.77 0.046
0.78 0.046
0.79 0.049
0.8 0.046
0.81 0.067
0.82 0.046
0.83 0.046
0.84 0.046
0.85 0.046
0.86 0.045
0.87 0.049
0.88 0.046
0.89 0.046
0.9 0.053
0.91 0.045
0.92 0.043
0.93 0.046
0.94 0.046
0.95 0.046
0.96 0.051
0.97 0.045
0.98 0.049
0.99 0.049
1 0.043
1.01 0.049
1.02 0.046
1.03 0.049
1.04 0.047
1.05 0.048
1.06 0.049
1.07 0.048
1.08 0.049
1.09 0.046
1.1 0.048
1.11 0.049
1.12 0.049
1.13 0.048
1.14 0.043
1.15 0.052
1.16 0.045
1.17 0.046
1.18 0.050
1.19 0.049
1.2 0.044
1.21 0.051
1.22 0.045
1.23 0.045
1.24 0.047
1.25 0.051
1.26 0.048
1.27 0.041
1.28 0.007
1.29 0.032
1.3 0.051
1.31 0.049
1.32 0.046
1.33 0.019
1.34 0.021
1.35 0.028
1.36 0.046
1.37 0.045
1.38 0.042
1.39 0.046
1.4 0.047
1.41 0.044
1.42 0.045
1.43 0.047
1.44 0.051
1.45 0.046
1.46 0.049
1.47 0.045
1.48 0.046
1.49 0.047
1.5 0.049
1.51 0.048
1.52 0.049
1.53 0.049
1.54 0.050
1.55 0.047
1.56 0.049
1.57 0.040
1.58 0.047
1.59 0.042
1.6 0.047
1.61 0.050
1.62 0.046
1.63 0.050
1.64 0.049
1.65 0.050
1.66 0.047
1.67 0.052
1.68 0.055
1.69 0.052
1.7 0.046
1.71 0.046
1.72 0.042
1.73 0.047
1.74 0.047
1.75 0.049
1.76 0.046
1.77 0.052
1.78 0.049
1.79 0.049
1.8 0.046
1.81 0.048
1.82 0.047
1.83 0.046
1.84 0.046
1.85 0.054
1.86 0.046
1.87 0.046
1.88 0.046
1.89 0.046
1.9 0.053
1.91 0.048
1.92 0.050
1.93 0.050
1.94 0.047
1.95 0.049
1.96 0.049
1.97 0.043
1.98 0.050
1.99 0.049
2 0.049
2.01 0.056
2.02 0.050
2.03 0.048
2.04 0.049
2.05 0.048
2.06 0.047
2.07 0.049
2.08 0.048
2.09 0.046
2.1 0.048
2.11 0.045
2.12 0.046
2.13 0.046
2.14 0.048
2.15 0.049
2.16 0.048
2.17 0.046
2.18 0.047
2.19 0.047
2.2 0.048
2.21 0.054
2.22 0.051
2.23 0.048
2.24 0.045
2.25 0.043
2.26 0.044
2.27 0.055
2.28 0.047
2.29 0.048
2.3 0.055
2.31 0.047
2.32 0.043
2.33 0.047
2.34 0.046
2.35 0.046
2.36 0.046
2.37 0.046
2.38 0.047
2.39 0.048
2.4 0.052
2.41 0.042
2.42 0.049
2.43 0.047
2.44 0.046
2.45 0.048
2.46 0.051
2.47 0.049
2.48 0.048
2.49 0.047
2.5 0.042
2.51 0.046
2.52 0.056
2.53 0.046
2.54 0.050
2.55 0.046
2.56 0.047
2.57 0.049
2.58 0.047
2.59 0.046
2.6 0.046
2.61 0.050
2.62 0.041
2.63 0.046
2.64 0.049
2.65 0.048
2.66 0.049
2.67 0.047
2.68 0.048
2.69 0.047
2.7 0.049
2.71 0.050
2.72 0.049
2.73 0.049
2.74 0.050
2.75 0.046
2.76 0.045
2.77 0.051
2.78 0.058
2.79 0.047
2.8 0.046
2.81 0.046
2.82 0.043
2.83 0.049
2.84 0.046
2.85 0.041
2.86 0.045
2.87 0.045
2.88 0.045
2.89 0.045
2.9 0.045
2.91 0.044
2.92 0.046
2.93 0.045
2.94 0.044
2.95 0.045
2.96 0.046
2.97 0.052
2.98 0.045
2.99 0.046
3 0.045
3.01 0.042
3.02 0.046
3.03 0.047
3.04 0.045
3.05 0.045
3.06 0.045
3.07 0.045
3.08 0.044
3.09 0.046
3.1 0.046
3.11 0.041
3.12 0.041
3.13 0.048
3.14 0.049
3.15 0.047
3.16 0.046
3.17 0.048
3.18 0.045
3.19 0.046
3.2 0.048
3.21 0.048
3.22 0.049
3.23 0.048
3.24 0.046
3.25 0.047
3.26 0.042
3.27 0.042
3.28 0.043
3.29 0.045
3.3 0.045
3.31 0.047
3.32 0.045
3.33 0.045
3.34 0.045
3.35 0.046
3.36 0.045
3.37 0.046
3.38 0.046
3.39 0.046
3.4 0.044
3.41 0.045
3.42 0.045
3.43 0.045
3.44 0.040
3.45 0.047
3.46 0.044
3.47 0.045
3.48 0.042
3.49 0.049
3.5 0.043
3.51 0.046
3.52 0.041
3.53 0.045
3.54 0.047
3.55 0.048
3.56 0.047
3.57 0.043
3.58 0.045
3.59 0.048
3.6 0.047
3.61 0.048
3.62 0.042
3.63 0.045
3.64 0.044
3.65 0.044
3.66 0.045
3.67 0.050
3.68 0.043
3.69 0.051
3.7 0.048
3.71 0.048
3.72 0.046
3.73 0.044
3.74 0.041
3.75 0.050
3.76 0.048
3.77 0.047
3.78 0.041
3.79 0.040
3.8 0.045
3.81 0.046
3.82 0.046
3.83 0.049
3.84 0.047
3.85 0.045
3.86 0.041
3.87 0.041
3.88 0.046
3.89 0.042
3.9 0.042
3.91 0.052
3.92 0.042
3.93 0.047
3.94 0.046
3.95 0.047
3.96 0.046
3.97 0.051
3.98 0.049
3.99 0.050
4 0.049
4.01 0.047
4.02 0.052
4.03 0.042
4.04 0.045
4.05 0.048
4.06 0.049
4.07 0.046
4.08 0.047
4.09 0.046
4.1 0.049
4.11 0.049
4.12 0.051
4.13 0.050
4.14 0.049
4.15 0.048
4.16 0.044
4.17 0.047
4.18 0.047
4.19 0.045
4.2 0.045
4.21 0.045
4.22 0.045
4.23 0.048
4.24 0.043
4.25 0.048
4.26 0.047
4.27 0.047
4.28 0.049
4.29 0.047
4.3 0.058
4.31 0.045
4.32 0.043
4.33 0.044
4.34 0.045
4.35 0.048
4.36 0.047
4.37 0.045
4.38 0.045
4.39 0.050
4.4 0.048
4.41 0.049
4.42 0.047
4.43 0.046
4.44 0.043
4.45 0.047
4.46 0.052
4.47 0.049
4.48 0.046
4.49 0.050
4.5 0.051
4.51 0.046
4.52 0.047
4.53 0.042
4.54 0.045
4.55 0.047
4.56 0.043
4.57 0.046
4.58 0.049
4.59 0.047
4.6 0.046
4.61 0.046
4.62 0.048
4.63 0.045
4.64 0.048
4.65 0.049
4.66 0.047
4.67 0.049
4.68 0.048
4.69 0.044
4.7 0.049
4.71 0.043
4.72 0.040
4.73 0.045
4.74 0.048
4.75 0.046
4.76 0.046
4.77 0.040
4.78 0.048
4.79 0.045
4.8 0.045
4.81 0.045
4.82 0.047
4.83 0.046
4.84 0.046
4.85 0.044
4.86 0.048
4.87 0.045
4.88 0.046
4.89 0.052
4.9 0.046
4.91 0.046
4.92 0.045
4.93 0.043
4.94 0.046
4.95 0.046
4.96 0.046
4.97 0.046
4.98 0.048
4.99 0.046
5 0.046
5.01 0.043
5.02 0.046
5.03 0.045
5.04 0.045
5.05 0.045
5.06 0.047
5.07 0.045
5.08 0.045
5.09 0.046
5.1 0.046
5.11 0.046
5.12 0.046
5.13 0.045
5.14 0.045
5.15 0.049
5.16 0.048
5.17 0.046
5.18 0.046
5.19 0.045
5.2 0.048
5.21 0.045
5.22 0.048
5.23 0.050
5.24 0.046
5.25 0.046
5.26 0.048
5.27 0.052
5.28 0.042
5.29 0.047
5.3 0.047
5.31 0.042
5.32 0.056
5.33 0.045
5.34 0.046
5.35 0.045
5.36 0.045
5.37 0.046
5.38 0.046
5.39 0.045
5.4 0.048
5.41 0.049
5.42 0.050
5.43 0.049
5.44 0.048
5.45 0.042
5.46 0.045
5.47 0.046
5.48 0.046
5.49 0.045
5.5 0.046
5.51 0.046
5.52 0.046
5.53 0.049
5.54 0.049
5.55 0.045
5.56 0.045
5.57 0.048
5.58 0.046
5.59 0.045
5.6 0.045
5.61 0.044
5.62 0.045
5.63 0.045
5.64 0.047
5.65 0.043
5.66 0.042
5.67 0.045
5.68 0.045
5.69 0.046
5.7 0.049
5.71 0.051
5.72 0.048
5.73 0.048
5.74 0.048
5.75 0.047
5.76 0.047
5.77 0.048
5.78 0.049
5.79 0.042
5.8 0.043
5.81 0.044
5.82 0.044
5.83 0.040
5.84 0.045
5.85 0.045
5.86 0.047
5.87 0.045
5.88 0.044
5.89 0.050
5.9 0.050
5.91 0.049
5.92 0.045
5.93 0.042
5.94 0.049
5.95 0.045
5.96 0.045
5.97 0.049
5.98 0.045
5.99 0.050
6 0.043
6.01 0.050
6.02 0.049
6.03 0.050
6.04 0.049
6.05 0.050
6.06 0.049
6.07 0.045
6.08 0.046
6.09 0.046
6.1 0.045
6.11 0.047
6.12 0.048
6.13 0.048
6.14 0.047
6.15 0.048
6.16 0.048
6.17 0.051
6.18 0.048
6.19 0.048
6.2 0.046
6.21 0.051
6.22 0.047
6.23 0.046
6.24 0.051
6.25 0.046
6.26 0.042
6.27 0.050
6.28 0.047
6.29 0.046
6.3 0.050
6.31 0.047
6.32 0.041
6.33 0.043
6.34 0.046
6.35 0.046
6.36 0.046
6.37 0.047
6.38 0.047
6.39 0.046
6.4 0.046
6.41 0.042
6.42 0.046
6.43 0.045
6.44 0.044
6.45 0.046
6.46 0.046
6.47 0.047
6.48 0.049
6.49 0.049
6.5 0.049
6.51 0.042
6.52 0.046
6.53 0.046
6.54 0.046
6.55 0.049
6.56 0.049
6.57 0.047
6.58 0.046
6.59 0.047
6.6 0.049
6.61 0.049
6.62 0.046
6.63 0.049
6.64 0.046
6.65 0.047
6.66 0.046
6.67 0.046
6.68 0.046
6.69 0.049
6.7 0.045
6.71 0.047
6.72 0.045
6.73 0.046
6.74 0.048
6.75 0.050
6.76 0.049
6.77 0.047
6.78 0.050
6.79 0.050
6.8 0.049
6.81 0.049
6.82 0.047
6.83 0.043
6.84 0.047
6.85 0.046
6.86 0.045
6.87 0.047
6.88 0.046
6.89 0.047
6.9 0.046
6.91 0.050
6.92 0.050
6.93 0.049
6.94 0.045
6.95 0.047
6.96 0.046
6.97 0.049
6.98 0.049
6.99 0.047
7 0.050
7.01 0.045
7.02 0.045
7.03 0.046
7.04 0.047
7.05 0.046
7.06 0.046
7.07 0.050
7.08 0.043
7.09 0.043
7.1 0.055
7.11 0.045
7.12 0.047
7.13 0.046
7.14 0.047
7.15 0.047
7.16 0.049
7.17 0.046
7.18 0.046
7.19 0.046
7.2 0.046
7.21 0.046
7.22 0.045
7.23 0.049
7.24 0.052
7.25 0.047
7.26 0.046
7.27 0.050
7.28 0.045
7.29 0.046
7.3 0.047
7.31 0.046
7.32 0.042
7.33 0.046
7.34 0.050
7.35 0.048
7.36 0.047
7.37 0.046
7.38 0.046
7.39 0.048
7.4 0.048
7.41 0.047
7.42 0.047
7.43 0.047
7.44 0.049
7.45 0.047
7.46 0.047
7.47 0.046
7.48 0.045
7.49 0.047
7.5 0.049
7.51 0.049
7.52 0.044
7.53 0.047
7.54 0.047
7.55 0.046
7.56 0.051
7.57 0.049
7.58 0.049
7.59 0.046
7.6 0.045
7.61 0.048
7.62 0.049
7.63 0.047
7.64 0.048
7.65 0.049
7.66 0.043
7.67 0.045
7.68 0.049
7.69 0.048
7.7 0.049
7.71 0.049
7.72 0.046
7.73 0.043
7.74 0.050
7.75 0.050
7.76 0.047
7.77 0.042
7.78 0.046
7.79 0.046
7.8 0.047
7.81 0.045
7.82 0.046
7.83 0.050
7.84 0.050
7.85 0.048
7.86 0.048
7.87 0.048
7.88 0.046
7.89 0.049
7.9 0.049
7.91 0.042
7.92 0.044
7.93 0.045
7.94 0.086
7.95 0.050
7.96 0.049
7.97 0.048
7.98 0.042
7.99 0.047
8 0.051
8.01 0.049
8.02 0.046
8.03 0.049
8.04 0.047
8.05 0.050
8.06 0.050
8.07 0.049
8.08 0.049
8.09 0.046
8.1 0.049
8.11 0.053
8.12 0.048
8.13 0.048
8.14 0.049
8.15 0.046
8.16 0.046
8.17 0.046
8.18 0.047
8.19 0.050
8.2 0.044
8.21 0.045
8.22 0.045
8.23 0.047
8.24 0.048
8.25 0.047
8.26 0.047
8.27 0.051
8.28 0.051
8.29 0.050
8.3 0.050
8.31 0.049
8.32 0.053
8.33 0.050
8.34 0.050
8.35 0.046
8.36 0.046
8.37 0.049
8.38 0.047
8.39 0.048
8.4 0.047
8.41 0.051
8.42 0.047
8.43 0.049
8.44 0.048
8.45 0.046
8.46 0.049
8.47 0.048
8.48 0.049
8.49 0.049
8.5 0.055
8.51 0.052
8.52 0.046
8.53 0.048
8.54 0.047
8.55 0.049
8.56 0.046
8.57 0.046
8.58 0.045
8.59 0.046
8.6 0.049
8.61 0.049
8.62 0.048
8.63 0.047
8.64 0.046
8.65 0.042
8.66 0.046
8.67 0.047
8.68 0.046
8.69 0.047
8.7 0.047
8.71 0.046
8.72 0.048
8.73 0.048
8.74 0.040
8.75 0.044
8.76 0.055
8.77 0.046
8.78 0.048
8.79 0.045
8.8 0.049
8.81 0.046
8.82 0.046
8.83 0.045
8.84 0.045
8.85 0.049
8.86 0.047
8.87 0.047
8.88 0.042
8.89 0.047
8.9 0.050
8.91 0.048
8.92 0.046
8.93 0.046
8.94 0.048
8.95 0.049
8.96 0.049
8.97 0.045
8.98 0.049
8.99 0.045
9 0.045
9.01 0.060
9.02 0.046
9.03 0.042
9.04 0.047
9.05 0.044
9.06 0.049
9.07 0.041
9.08 0.046
9.09 0.047
9.1 0.045
9.11 0.045
9.12 0.048
9.13 0.046
9.14 0.045
9.15 0.047
9.16 0.049
9.17 0.048
9.18 0.048
9.19 0.040
9.2 0.057
9.21 0.042
9.22 0.047
9.23 0.049
9.24 0.045
9.25 0.041
9.26 0.043
9.27 0.018
9.28 0.046
9.29 0.046
9.3 0.046
9.31 0.045
9.32 0.047
9.33 0.046
9.34 0.046
9.35 0.047
9.36 0.053
9.37 0.046
9.38 0.045
9.39 0.045
9.4 0.047
9.41 0.046
9.42 0.045
9.43 0.048
9.44 0.045
9.45 0.046
9.46 0.047
9.47 0.048
9.48 0.050
9.49 0.049
9.5 0.046
9.51 0.042
9.52 0.044
9.53 0.084
9.54 0.045
9.55 0.042
9.56 0.048
9.57 0.046
9.58 0.048
9.59 0.047
9.6 0.049
9.61 0.049
9.62 0.049
9.63 0.048
9.64 0.054
9.65 0.049
9.66 0.050
9.67 0.047
9.68 0.046
9.69 0.046
9.7 0.043
9.71 0.047
9.72 0.046
9.73 0.047
9.74 0.050
9.75 0.045
9.76 0.043
9.77 0.044
9.78 0.048
9.79 0.048
9.8 0.047
9.81 0.048
9.82 0.047
9.83 0.048
9.84 0.047
9.85 0.048
9.86 0.046
9.87 0.048
9.88 0.045
9.89 0.045
9.9 0.045
9.91 0.045
9.92 0.045
9.93 0.047
9.94 0.050
9.95 0.045
9.96 0.049
9.97 0.051
9.98 0.047
9.99 0.048
10 0.049
10.01 0.045
10.02 0.045
10.03 0.054
10.04 0.046
10.05 0.050
10.06 0.046
10.07 0.049
10.08 0.041
10.09 0.047
10.1 0.049
10.11 0.047
10.12 0.046
10.13 0.046
10.14 0.046
10.15 0.039
10.16 0.046
10.17 0.049
10.18 0.048
10.19 0.048
10.2 0.045
10.21 0.052
10.22 0.047
10.23 0.047
10.24 0.045
10.25 0.044
10.26 0.049
10.27 0.043
10.28 0.045
10.29 0.058
10.3 0.050
10.31 0.049
10.32 0.048
10.33 0.050
10.34 0.046
10.35 0.045
10.36 0.048
10.37 0.048
10.38 0.049
10.39 0.040
10.4 0.045
10.41 0.046
10.42 0.049
10.43 0.047
10.44 0.046
10.45 0.048
10.46 0.045
10.47 0.050
10.48 0.047
10.49 0.046
10.5 0.047
10.51 0.042
10.52 0.046
10.53 0.040
10.54 0.048
10.55 0.046
10.56 0.047
10.57 0.045
10.58 0.048
10.59 0.047
10.6 0.047
10.61 0.048
10.62 0.050
10.63 0.048
10.64 0.047
10.65 0.045
10.66 0.046
10.67 0.047
10.68 0.044
10.69 0.045
10.7 0.048
10.71 0.048
10.72 0.045
10.73 0.046
10.74 0.045
10.75 0.048
10.76 0.048
10.77 0.049
10.78 0.043
10.79 0.046
10.8 0.047
10.81 0.046
10.82 0.049
10.83 0.054
10.84 0.051
10.85 0.053
10.86 0.046
10.87 0.047
10.88 0.052
10.89 0.052
10.9 0.043
10.91 0.047
10.92 0.048
10.93 0.048
10.94 0.040
10.95 0.049
10.96 0.042
10.97 0.049
10.98 0.049
10.99 0.053
11 0.049
11.01 0.048
11.02 0.045
11.03 0.049
11.04 0.044
11.05 0.049
11.06 0.052
11.07 0.046
11.08 0.045
11.09 0.046
11.1 0.045
11.11 0.045
11.12 0.047
11.13 0.053
11.14 0.049
11.15 0.047
11.16 0.045
11.17 0.047
11.18 0.046
11.19 0.045
11.2 0.041
11.21 0.045
11.22 0.045
11.23 0.048
11.24 0.046
11.25 0.049
11.26 0.043
11.27 0.049
11.28 0.045
11.29 0.047
11.3 0.047
11.31 0.050
11.32 0.046
11.33 0.048
11.34 0.049
11.35 0.049
11.36 0.050
11.37 0.051
11.38 0.048
11.39 0.047
11.4 0.049
11.41 0.043
11.42 0.049
11.43 0.048
11.44 0.046
11.45 0.049
11.46 0.048
11.47 0.046
11.48 0.044
11.49 0.052
11.5 0.049
11.51 0.045
11.52 0.049
11.53 0.052
11.54 0.046
11.55 0.046
11.56 0.053
11.57 0.048
11.58 0.048
11.59 0.049
11.6 0.048
11.61 0.047
11.62 0.048
11.63 0.046
11.64 0.049
11.65 0.049
11.66 0.046
11.67 0.040
11.68 0.047
11.69 0.046
11.7 0.048
11.71 0.045
11.72 0.054
11.73 0.043
11.74 0.044
11.75 0.046
11.76 0.050
11.77 0.044
11.78 0.048
11.79 0.045
11.8 0.045
11.81 0.050
11.82 0.053
11.83 0.049
11.84 0.046
11.85 0.046
11.86 0.050
11.87 0.048
11.88 0.043
11.89 0.049
11.9 0.051
11.91 0.045
11.92 0.048
11.93 0.044
11.94 0.048
11.95 0.048
11.96 0.048
11.97 0.048
11.98 0.045
11.99 0.046
12 0.052
12.01 0.047
12.02 0.050
12.03 0.048
12.04 0.040
12.05 0.042
12.06 0.042
12.07 0.060
12.08 0.049
12.09 0.047
12.1 0.044
12.11 0.051
12.12 0.046
12.13 0.045
12.14 0.044
12.15 0.045
12.16 0.045
12.17 0.049
12.18 0.045
12.19 0.045
12.2 0.057
12.21 0.047
12.22 0.046
12.23 0.046
12.24 0.050
12.25 0.046
12.26 0.047
12.27 0.051
12.28 0.047
12.29 0.046
12.3 0.048
12.31 0.046
12.32 0.046
12.33 0.046
12.34 0.051
12.35 0.044
12.36 0.047
12.37 0.041
12.38 0.042
12.39 0.042
12.4 0.046
12.41 0.041
12.42 0.042
12.43 0.043
12.44 0.044
12.45 0.055
12.46 0.048
12.47 0.045
12.48 0.046
12.49 0.046
12.5 0.047
12.51 0.046
12.52 0.045
12.53 0.045
12.54 0.048
12.55 0.019
12.56 0.019
12.57 0.028
12.58 0.048
12.59 0.045
12.6 0.044
12.61 0.048
12.62 0.044
12.63 0.045
12.64 0.047
12.65 0.048
12.66 0.045
12.67 0.048
12.68 0.043
12.69 0.042
12.7 0.057
12.71 0.047
12.72 0.050
12.73 0.047
12.74 0.049
12.75 0.047
12.76 0.048
12.77 0.047
12.78 0.046
12.79 0.046
12.8 0.047
12.81 0.050
12.82 0.047
12.83 0.047
12.84 0.047
12.85 0.046
12.86 0.049
12.87 0.048
12.88 0.045
12.89 0.046
12.9 0.047
12.91 0.046
12.92 0.049
12.93 0.045
12.94 0.048
12.95 0.046
12.96 0.057
12.97 0.047
12.98 0.042
12.99 0.044
13 0.048
13.01 0.046
13.02 0.046
13.03 0.045
13.04 0.045
13.05 0.045
13.06 0.045
13.07 0.045
13.08 0.041
13.09 0.043
13.1 0.046
13.11 0.049
13.12 0.046
13.13 0.049
13.14 0.048
13.15 0.052
13.16 0.049
13.17 0.046
13.18 0.049
13.19 0.045
13.2 0.043
13.21 0.049
13.22 0.046
13.23 0.046
13.24 0.051
13.25 0.050
13.26 0.046
13.27 0.045
13.28 0.044
13.29 0.048
13.3 0.054
13.31 0.045
13.32 0.063
13.33 0.044
13.34 0.045
13.35 0.047
13.36 0.043
13.37 0.045
13.38 0.045
13.39 0.044
13.4 0.048
13.41 0.047
13.42 0.047
13.43 0.042
13.44 0.044
13.45 0.045
13.46 0.053
13.47 0.047
13.48 0.046
13.49 0.045
13.5 0.049
13.51 0.049
13.52 0.045
13.53 0.045
13.54 0.051
13.55 0.047
13.56 0.044
13.57 0.045
13.58 0.044
13.59 0.049
13.6 0.049
13.61 0.048
13.62 0.048
13.63 0.045
13.64 0.048
13.65 0.048
13.66 0.048
13.67 0.045
13.68 0.045
13.69 0.048
13.7 0.042
13.71 0.042
13.72 0.043
13.73 0.049
13.74 0.048
13.75 0.047
13.76 0.041
13.77 0.045
13.78 0.051
13.79 0.049
13.8 0.045
13.81 0.047
13.82 0.047
13.83 0.045
13.84 0.041
13.85 0.045
13.86 0.044
13.87 0.048
13.88 0.045
13.89 0.046
13.9 0.046
13.91 0.045
13.92 0.045
13.93 0.045
13.94 0.042
13.95 0.048
13.96 0.042
13.97 0.053
13.98 0.047
13.99 0.045
14 0.043
14.01 0.048
14.02 0.047
14.03 0.046
14.04 0.045
14.05 0.045
14.06 0.048
14.07 0.046
14.08 0.046
14.09 0.042
14.1 0.045
14.11 0.045
14.12 0.046
14.13 0.047
14.14 0.042
14.15 0.044
14.16 0.044
14.17 0.047
14.18 0.045
14.19 0.042
14.2 0.041
14.21 0.045
14.22 0.043
14.23 0.044
14.24 0.045
14.25 0.046
14.26 0.050
14.27 0.046
14.28 0.046
14.29 0.046
14.3 0.049
14.31 0.041
14.32 0.048
14.33 0.044
14.34 0.045
14.35 0.045
14.36 0.045
14.37 0.045
14.38 0.047
14.39 0.045
14.4 0.045
14.41 0.045
14.42 0.047
14.43 0.048
14.44 0.045
14.45 0.044
14.46 0.041
14.47 0.043
14.48 0.051
14.49 0.045
14.5 0.051
14.51 0.047
14.52 0.047
14.53 0.046
14.54 0.048
14.55 0.045
14.56 0.047
14.57 0.047
14.58 0.048
14.59 0.046
14.6 0.045
14.61 0.045
14.62 0.049
14.63 0.045
14.64 0.047
14.65 0.044
14.66 0.047
14.67 0.048
14.68 0.048
14.69 0.045
14.7 0.045
14.71 0.045
14.72 0.046
14.73 0.045
14.74 0.048
14.75 0.049
14.76 0.046
14.77 0.047
14.78 0.044
14.79 0.045
14.8 0.046
14.81 0.048
14.82 0.044
14.83 0.047
14.84 0.047
14.85 0.047
14.86 0.046
14.87 0.029
14.88 0.046
14.89 0.045
14.9 0.045
14.91 0.048
14.92 0.045
14.93 0.048
14.94 0.054
14.95 0.046
14.96 0.045
14.97 0.045
14.98 0.047
14.99 0.055
15 0.047
15.01 0.041
15.02 0.045
15.03 0.046
15.04 0.041
15.05 0.045
15.06 0.046
15.07 0.049
15.08 0.044
15.09 0.046
15.1 0.045
15.11 0.046
15.12 0.048
15.13 0.049
15.14 0.046
15.15 0.046
15.16 0.044
15.17 0.045
15.18 0.045
15.19 0.047
15.2 0.046
15.21 0.044
15.22 0.050
15.23 0.046
15.24 0.045
15.25 0.043
15.26 0.048
15.27 0.047
15.28 0.047
15.29 0.048
15.3 0.046
15.31 0.045
15.32 0.049
15.33 0.047
15.34 0.045
15.35 0.049
15.36 0.049
15.37 0.047
15.38 0.045
15.39 0.044
15.4 0.044
15.41 0.043
15.42 0.050
15.43 0.043
15.44 0.048
15.45 0.045
15.46 0.050
15.47 0.049
15.48 0.046
15.49 0.045
15.5 0.046
15.51 0.041
15.52 0.051
15.53 0.049
15.54 0.049
15.55 0.045
15.56 0.048
15.57 0.049
15.58 0.048
15.59 0.050
15.6 0.048
15.61 0.042
15.62 0.043
15.63 0.047
15.64 0.044
15.65 0.049
15.66 0.048
15.67 0.051
15.68 0.045
15.69 0.048
15.7 0.046
15.71 0.045
15.72 0.046
15.73 0.049
15.74 0.047
15.75 0.046
15.76 0.048
15.77 0.048
15.78 0.043
15.79 0.046
15.8 0.046
15.81 0.046
15.82 0.047
15.83 0.041
15.84 0.048
15.85 0.048
15.86 0.046
15.87 0.043
15.88 0.058
15.89 0.047
15.9 0.046
15.91 0.045
15.92 0.045
15.93 0.045
15.94 0.046
15.95 0.047
15.96 0.044
15.97 0.046
15.98 0.045
15.99 0.048
16 0.045
16.01 0.045
16.02 0.053
16.03 0.047
16.04 0.047
16.05 0.046
16.06 0.046
16.07 0.040
16.08 0.051
16.09 0.046
16.1 0.049
16.11 0.046
16.12 0.043
16.13 0.050
16.14 0.048
16.15 0.047
16.16 0.046
16.17 0.044
16.18 0.047
16.19 0.045
16.2 0.048
16.21 0.045
16.22 0.046
16.23 0.045
16.24 0.046
16.25 0.049
16.26 0.048
16.27 0.049
16.28 0.042
16.29 0.048
16.3 0.049
16.31 0.047
16.32 0.046
16.33 0.049
16.34 0.049
16.35 0.049
16.36 0.048
16.37 0.047
16.38 0.045
16.39 0.057
16.4 0.046
16.41 0.045
16.42 0.045
16.43 0.048
16.44 0.049
16.45 0.018
16.46 0.020
16.47 0.028
16.48 0.046
16.49 0.046
16.5 0.048
16.51 0.039
16.52 0.044
16.53 0.038
16.54 0.050
16.55 0.048
16.56 0.049
16.57 0.049
16.58 0.053
16.59 0.046
16.6 0.048
16.61 0.048
16.62 0.048
16.63 0.045
16.64 0.045
16.65 0.042
16.66 0.045
16.67 0.047
16.68 0.045
16.69 0.046
16.7 0.046
16.71 0.046
16.72 0.046
16.73 0.048
16.74 0.046
16.75 0.049
16.76 0.049
16.77 0.041
16.78 0.046
16.79 0.046
16.8 0.049
16.81 0.049
16.82 0.048
16.83 0.046
16.84 0.043
16.85 0.042
16.86 0.045
16.87 0.044
16.88 0.041
16.89 0.043
16.9 0.045
16.91 0.055
16.92 0.047
16.93 0.048
16.94 0.044
16.95 0.048
16.96 0.042
16.97 0.046
16.98 0.046
16.99 0.045
17 0.046
17.01 0.045
17.02 0.044
17.03 0.045
17.04 0.049
17.05 0.049
17.06 0.048
17.07 0.049
17.08 0.047
17.09 0.048
17.1 0.045
17.11 0.048
17.12 0.049
17.13 0.046
17.14 0.045
17.15 0.046
17.16 0.041
17.17 0.045
17.18 0.043
17.19 0.047
17.2 0.042
17.21 0.046
17.22 0.050
17.23 0.049
17.24 0.048
17.25 0.043
17.26 0.045
17.27 0.046
17.28 0.045
17.29 0.042
17.3 0.047
17.31 0.045
17.32 0.043
17.33 0.046
17.34 0.045
17.35 0.045
17.36 0.045
17.37 0.045
17.38 0.045
17.39 0.035
17.4 0.013
17.41 0.018
17.42 0.021
17.43 0.027
17.44 0.041
17.45 0.042
17.46 0.043
17.47 0.045
17.48 0.047
17.49 0.045
17.5 0.048
17.51 0.045
17.52 0.045
17.53 0.046
17.54 0.051
17.55 0.045
17.56 0.046
17.57 0.046
17.58 0.049
17.59 0.046
17.6 0.046
17.61 0.045
17.62 0.041
17.63 0.045
17.64 0.049
17.65 0.048
17.66 0.045
17.67 0.048
17.68 0.049
17.69 0.047
17.7 0.049
17.71 0.045
17.72 0.047
17.73 0.056
17.74 0.045
17.75 0.045
17.76 0.047
17.77 0.046
17.78 0.044
17.79 0.044
17.8 0.045
17.81 0.047
17.82 0.045
17.83 0.045
17.84 0.046
17.85 0.048
17.86 0.049
17.87 0.048
17.88 0.048
17.89 0.045
17.9 0.051
17.91 0.045
17.92 0.049
17.93 0.045
17.94 0.046
17.95 0.046
17.96 0.045
17.97 0.044
17.98 0.055
17.99 0.058
18 0.046
18.01 0.045
18.02 0.047
18.03 0.048
18.04 0.046
18.05 0.049
18.06 0.049
18.07 0.049
18.08 0.045
18.09 0.048
18.1 0.046
18.11 0.046
18.12 0.046
18.13 0.048
18.14 0.048
18.15 0.046
18.16 0.042
18.17 0.047
18.18 0.049
18.19 0.048
18.2 0.047
18.21 0.048
18.22 0.045
18.23 0.048
18.24 0.057
18.25 0.048
18.26 0.049
18.27 0.046
18.28 0.046
18.29 0.046
18.3 0.040
18.31 0.047
18.32 0.046
18.33 0.049
18.34 0.049
18.35 0.045
18.36 0.045
18.37 0.043
18.38 0.051
18.39 0.048
18.4 0.046
18.41 0.045
18.42 0.050
18.43 0.049
18.44 0.048
18.45 0.049
18.46 0.050
18.47 0.047
18.48 0.043
18.49 0.044
18.5 0.048
18.51 0.047
18.52 0.048
18.53 0.049
18.54 0.048
18.55 0.047
18.56 0.046
18.57 0.048
18.58 0.046
18.59 0.046
18.6 0.045
18.61 0.044
18.62 0.048
18.63 0.045
18.64 0.045
18.65 0.047
18.66 0.047
18.67 0.045
18.68 0.045
18.69 0.043
18.7 0.049
18.71 0.045
18.72 0.046
18.73 0.043
18.74 0.047
18.75 0.045
18.76 0.046
18.77 0.045
18.78 0.045
18.79 0.048
18.8 0.049
18.81 0.046
18.82 0.048
18.83 0.045
18.84 0.048
18.85 0.048
18.86 0.049
18.87 0.046
18.88 0.046
18.89 0.048
18.9 0.047
18.91 0.046
18.92 0.048
18.93 0.046
18.94 0.043
18.95 0.046
18.96 0.048
18.97 0.045
18.98 0.042
18.99 0.043
19 0.042
19.01 0.046
19.02 0.046
19.03 0.045
19.04 0.049
19.05 0.045
19.06 0.045
19.07 0.048
19.08 0.046
19.09 0.047
19.1 0.045
19.11 0.049
19.12 0.048
19.13 0.048
19.14 0.045
19.15 0.048
19.16 0.043
19.17 0.048
19.18 0.045
19.19 0.049
19.2 0.048
19.21 0.047
19.22 0.049
19.23 0.048
19.24 0.044
19.25 0.047
19.26 0.053
19.27 0.047
19.28 0.045
19.29 0.046
19.3 0.049
19.31 0.046
19.32 0.045
19.33 0.048
19.34 0.049
19.35 0.043
19.36 0.050
19.37 0.046
19.38 0.044
19.39 0.045
19.4 0.045
19.41 0.049
19.42 0.060
19.43 0.045
19.44 0.045
19.45 0.046
19.46 0.046
19.47 0.045
19.48 0.047
19.49 0.043
19.5 0.043
19.51 0.045
19.52 0.049
19.53 0.046
19.54 0.045
19.55 0.044
19.56 0.046
19.57 0.046
19.58 0.047
19.59 0.048
19.6 0.047
19.61 0.048
19.62 0.049
19.63 0.045
19.64 0.045
19.65 0.045
19.66 0.045
19.67 0.045
19.68 0.045
19.69 0.049
19.7 0.047
19.71 0.041
19.72 0.046
19.73 0.046
19.74 0.047
19.75 0.045
19.76 0.052
19.77 0.047
19.78 0.048
19.79 0.049
19.8 0.049
19.81 0.046
19.82 0.052
19.83 0.048
19.84 0.049
19.85 0.046
19.86 0.050
19.87 0.048
19.88 0.049
19.89 0.046
19.9 0.049
19.91 0.040
19.92 0.046
19.93 0.046
19.94 0.049
19.95 0.047
19.96 0.049
19.97 0.048
19.98 0.048
19.99 0.048
20 0.049
